<?xml version="1.0" encoding="UTF-8"?>
<!-- Generated by org.testng.reporters.JUnitXMLReporter -->
<testsuite ignored="2" hostname="BHANU-LAPTOP" failures="0" tests="2" name="TestMFF" time="39.512" errors="0" timestamp="2021-12-29T12:23:01 IST">
  <testcase classname="scripts.ValidLogin" name="testValidLogin" time="4.448"/>
  <testcase classname="scripts.InvalidLogin" name="testInvalidLogin" time="2.08"/>
  <testcase classname="generic.BaseTest" name="@BeforeSuite initReport" time="0.0">
    <ignored/>
  </testcase> <!-- @BeforeSuite initReport -->
  <testcase classname="generic.BaseTest" name="@AfterSuite publishReport" time="0.0">
    <ignored/>
  </testcase> <!-- @AfterSuite publishReport -->
</testsuite> <!-- TestMFF -->
