<?xml version="1.0" encoding="UTF-8"?>
<!-- Generated by org.testng.reporters.JUnitXMLReporter -->
<testsuite ignored="2" hostname="BHANU-LAPTOP" failures="0" tests="2" name="TestGC" time="30.944" errors="0" timestamp="2021-12-29T12:22:53 IST">
  <testcase classname="scripts.ValidLogin" name="testValidLogin" time="6.063"/>
  <testcase classname="scripts.InvalidLogin" name="testInvalidLogin" time="1.874"/>
  <testcase classname="generic.BaseTest" name="@BeforeSuite initReport" time="0.0">
    <ignored/>
  </testcase> <!-- @BeforeSuite initReport -->
  <testcase classname="generic.BaseTest" name="@AfterSuite publishReport" time="0.0">
    <ignored/>
  </testcase> <!-- @AfterSuite publishReport -->
</testsuite> <!-- TestGC -->
