<?xml version="1.0" encoding="UTF-8"?>
<testng-results ignored="0" total="4" passed="4" failed="0" skipped="0">
  <reporter-output>
    <line>
      <![CDATA[Using Grid]]>
    </line>
    <line>
      <![CDATA[Using Grid]]>
    </line>
    <line>
      <![CDATA[Using Grid]]>
    </line>
    <line>
      <![CDATA[Using Grid]]>
    </line>
  </reporter-output>
  <suite started-at="2021-12-23T12:27:06 IST" name="Suite" finished-at="2021-12-23T12:27:40 IST" duration-ms="33455">
    <groups>
    </groups>
    <test started-at="2021-12-23T12:27:06 IST" name="TestGC" finished-at="2021-12-23T12:27:33 IST" duration-ms="27091">
      <class name="scripts.InvalidLogin">
        <test-method is-config="true" signature="openApp(java.lang.String,java.lang.String,java.lang.String)[pri:0, instance:scripts.InvalidLogin@67b9b51a]" started-at="2021-12-23T12:27:23 IST" name="openApp" finished-at="2021-12-23T12:27:32 IST" duration-ms="8908" status="PASS">
          <params>
            <param index="0">
              <value>
                <![CDATA[Yes]]>
              </value>
            </param>
            <param index="1">
              <value>
                <![CDATA[http://localhost:4444/wd/hub]]>
              </value>
            </param>
            <param index="2">
              <value>
                <![CDATA[chrome]]>
              </value>
            </param>
          </params>
          <reporter-output>
            <line>
              <![CDATA[Using Grid]]>
            </line>
          </reporter-output>
        </test-method> <!-- openApp -->
        <test-method signature="testInvalidLogin()[pri:2, instance:scripts.InvalidLogin@67b9b51a]" started-at="2021-12-23T12:27:32 IST" name="testInvalidLogin" finished-at="2021-12-23T12:27:33 IST" duration-ms="1656" status="PASS">
          <reporter-output>
          </reporter-output>
        </test-method> <!-- testInvalidLogin -->
        <test-method is-config="true" signature="closeApp()[pri:0, instance:scripts.InvalidLogin@67b9b51a]" started-at="2021-12-23T12:27:33 IST" name="closeApp" finished-at="2021-12-23T12:27:33 IST" duration-ms="53" status="PASS">
          <reporter-output>
          </reporter-output>
        </test-method> <!-- closeApp -->
      </class> <!-- scripts.InvalidLogin -->
      <class name="scripts.ValidLogin">
        <test-method is-config="true" signature="openApp(java.lang.String,java.lang.String,java.lang.String)[pri:0, instance:scripts.ValidLogin@27e47833]" started-at="2021-12-23T12:27:06 IST" name="openApp" finished-at="2021-12-23T12:27:17 IST" duration-ms="10389" status="PASS">
          <params>
            <param index="0">
              <value>
                <![CDATA[Yes]]>
              </value>
            </param>
            <param index="1">
              <value>
                <![CDATA[http://localhost:4444/wd/hub]]>
              </value>
            </param>
            <param index="2">
              <value>
                <![CDATA[chrome]]>
              </value>
            </param>
          </params>
          <reporter-output>
            <line>
              <![CDATA[Using Grid]]>
            </line>
          </reporter-output>
        </test-method> <!-- openApp -->
        <test-method signature="testValidLogin()[pri:1, instance:scripts.ValidLogin@27e47833]" started-at="2021-12-23T12:27:17 IST" name="testValidLogin" finished-at="2021-12-23T12:27:23 IST" duration-ms="5963" status="PASS">
          <reporter-output>
          </reporter-output>
        </test-method> <!-- testValidLogin -->
        <test-method is-config="true" signature="closeApp()[pri:0, instance:scripts.ValidLogin@27e47833]" started-at="2021-12-23T12:27:23 IST" name="closeApp" finished-at="2021-12-23T12:27:23 IST" duration-ms="82" status="PASS">
          <reporter-output>
          </reporter-output>
        </test-method> <!-- closeApp -->
      </class> <!-- scripts.ValidLogin -->
    </test> <!-- TestGC -->
    <test started-at="2021-12-23T12:27:06 IST" name="TestMFF" finished-at="2021-12-23T12:27:40 IST" duration-ms="33455">
      <class name="scripts.InvalidLogin">
        <test-method is-config="true" signature="openApp(java.lang.String,java.lang.String,java.lang.String)[pri:0, instance:scripts.InvalidLogin@2474f125]" started-at="2021-12-23T12:27:25 IST" name="openApp" finished-at="2021-12-23T12:27:37 IST" duration-ms="11999" status="PASS">
          <params>
            <param index="0">
              <value>
                <![CDATA[Yes]]>
              </value>
            </param>
            <param index="1">
              <value>
                <![CDATA[http://localhost:4444/wd/hub]]>
              </value>
            </param>
            <param index="2">
              <value>
                <![CDATA[firefox]]>
              </value>
            </param>
          </params>
          <reporter-output>
            <line>
              <![CDATA[Using Grid]]>
            </line>
          </reporter-output>
        </test-method> <!-- openApp -->
        <test-method signature="testInvalidLogin()[pri:2, instance:scripts.InvalidLogin@2474f125]" started-at="2021-12-23T12:27:37 IST" name="testInvalidLogin" finished-at="2021-12-23T12:27:39 IST" duration-ms="1708" status="PASS">
          <reporter-output>
          </reporter-output>
        </test-method> <!-- testInvalidLogin -->
        <test-method is-config="true" signature="closeApp()[pri:0, instance:scripts.InvalidLogin@2474f125]" started-at="2021-12-23T12:27:39 IST" name="closeApp" finished-at="2021-12-23T12:27:40 IST" duration-ms="759" status="PASS">
          <reporter-output>
          </reporter-output>
        </test-method> <!-- closeApp -->
      </class> <!-- scripts.InvalidLogin -->
      <class name="scripts.ValidLogin">
        <test-method is-config="true" signature="openApp(java.lang.String,java.lang.String,java.lang.String)[pri:0, instance:scripts.ValidLogin@7e19ebf0]" started-at="2021-12-23T12:27:06 IST" name="openApp" finished-at="2021-12-23T12:27:20 IST" duration-ms="13696" status="PASS">
          <params>
            <param index="0">
              <value>
                <![CDATA[Yes]]>
              </value>
            </param>
            <param index="1">
              <value>
                <![CDATA[http://localhost:4444/wd/hub]]>
              </value>
            </param>
            <param index="2">
              <value>
                <![CDATA[firefox]]>
              </value>
            </param>
          </params>
          <reporter-output>
            <line>
              <![CDATA[Using Grid]]>
            </line>
          </reporter-output>
        </test-method> <!-- openApp -->
        <test-method signature="testValidLogin()[pri:1, instance:scripts.ValidLogin@7e19ebf0]" started-at="2021-12-23T12:27:20 IST" name="testValidLogin" finished-at="2021-12-23T12:27:24 IST" duration-ms="4173" status="PASS">
          <reporter-output>
          </reporter-output>
        </test-method> <!-- testValidLogin -->
        <test-method is-config="true" signature="closeApp()[pri:0, instance:scripts.ValidLogin@7e19ebf0]" started-at="2021-12-23T12:27:24 IST" name="closeApp" finished-at="2021-12-23T12:27:25 IST" duration-ms="1087" status="PASS">
          <reporter-output>
          </reporter-output>
        </test-method> <!-- closeApp -->
      </class> <!-- scripts.ValidLogin -->
    </test> <!-- TestMFF -->
  </suite> <!-- Suite -->
</testng-results>
