<?xml version="1.0" encoding="UTF-8"?>
<testng-results ignored="0" total="1" passed="1" failed="0" skipped="0">
  <reporter-output>
  </reporter-output>
  <suite started-at="2021-12-22T11:14:01 IST" name="Suite" finished-at="2021-12-22T11:14:15 IST" duration-ms="14385">
    <groups>
    </groups>
    <test started-at="2021-12-22T11:14:01 IST" name="Test" finished-at="2021-12-22T11:14:15 IST" duration-ms="14385">
      <class name="scripts.Demo1">
        <test-method is-config="true" signature="openApp()[pri:0, instance:scripts.Demo1@85e6769]" started-at="2021-12-22T11:14:01 IST" name="openApp" finished-at="2021-12-22T11:14:12 IST" duration-ms="11271" status="PASS">
          <reporter-output>
          </reporter-output>
        </test-method> <!-- openApp -->
        <test-method signature="testA()[pri:0, instance:scripts.Demo1@85e6769]" started-at="2021-12-22T11:14:12 IST" name="testA" finished-at="2021-12-22T11:14:14 IST" duration-ms="2193" status="PASS">
          <reporter-output>
          </reporter-output>
        </test-method> <!-- testA -->
        <test-method is-config="true" signature="closeApp()[pri:0, instance:scripts.Demo1@85e6769]" started-at="2021-12-22T11:14:14 IST" name="closeApp" finished-at="2021-12-22T11:14:15 IST" duration-ms="868" status="PASS">
          <reporter-output>
          </reporter-output>
        </test-method> <!-- closeApp -->
      </class> <!-- scripts.Demo1 -->
    </test> <!-- Test -->
  </suite> <!-- Suite -->
</testng-results>
