<?xml version="1.0" encoding="UTF-8"?>
<testng-results ignored="4" total="8" passed="4" failed="0" skipped="0">
  <reporter-output>
  </reporter-output>
  <suite started-at="2021-12-29T12:22:22 IST" name="Suite" finished-at="2021-12-29T12:23:01 IST" duration-ms="39512">
    <groups>
    </groups>
    <test started-at="2021-12-29T12:22:22 IST" name="TestGC" finished-at="2021-12-29T12:22:53 IST" duration-ms="30944">
      <class name="scripts.InvalidLogin">
        <test-method is-config="true" signature="openApp(java.lang.reflect.Method,java.lang.String,java.lang.String,java.lang.String)[pri:0, instance:scripts.InvalidLogin@3688eb5b]" started-at="2021-12-29T12:22:40 IST" name="openApp" finished-at="2021-12-29T12:22:50 IST" duration-ms="9460" status="PASS">
          <params>
            <param index="0">
              <value>
                <![CDATA[public void scripts.InvalidLogin.testInvalidLogin()]]>
              </value>
            </param>
            <param index="1">
              <value>
                <![CDATA[Yes]]>
              </value>
            </param>
            <param index="2">
              <value>
                <![CDATA[http://localhost:4444/wd/hub]]>
              </value>
            </param>
            <param index="3">
              <value>
                <![CDATA[chrome]]>
              </value>
            </param>
          </params>
          <reporter-output>
          </reporter-output>
        </test-method> <!-- openApp -->
        <test-method signature="testInvalidLogin()[pri:2, instance:scripts.InvalidLogin@3688eb5b]" started-at="2021-12-29T12:22:50 IST" name="testInvalidLogin" finished-at="2021-12-29T12:22:52 IST" duration-ms="1874" status="PASS">
          <reporter-output>
          </reporter-output>
        </test-method> <!-- testInvalidLogin -->
        <test-method is-config="true" signature="closeApp(org.testng.ITestResult)[pri:0, instance:scripts.InvalidLogin@3688eb5b]" started-at="2021-12-29T12:22:52 IST" name="closeApp" finished-at="2021-12-29T12:22:53 IST" duration-ms="1184" status="PASS">
          <params>
            <param index="0">
              <value>
                <![CDATA[[TestResult name=testInvalidLogin status=SUCCESS method=InvalidLogin.testInvalidLogin()[pri:2, instance:scripts.InvalidLogin@3688eb5b] output={null}]]]>
              </value>
            </param>
          </params>
          <reporter-output>
          </reporter-output>
        </test-method> <!-- closeApp -->
      </class> <!-- scripts.InvalidLogin -->
      <class name="scripts.ValidLogin">
        <test-method is-config="true" signature="openApp(java.lang.reflect.Method,java.lang.String,java.lang.String,java.lang.String)[pri:0, instance:scripts.ValidLogin@44d52de2]" started-at="2021-12-29T12:22:22 IST" name="openApp" finished-at="2021-12-29T12:22:33 IST" duration-ms="11132" status="PASS">
          <params>
            <param index="0">
              <value>
                <![CDATA[public void scripts.ValidLogin.testValidLogin()]]>
              </value>
            </param>
            <param index="1">
              <value>
                <![CDATA[Yes]]>
              </value>
            </param>
            <param index="2">
              <value>
                <![CDATA[http://localhost:4444/wd/hub]]>
              </value>
            </param>
            <param index="3">
              <value>
                <![CDATA[chrome]]>
              </value>
            </param>
          </params>
          <reporter-output>
          </reporter-output>
        </test-method> <!-- openApp -->
        <test-method signature="testValidLogin()[pri:1, instance:scripts.ValidLogin@44d52de2]" started-at="2021-12-29T12:22:33 IST" name="testValidLogin" finished-at="2021-12-29T12:22:39 IST" duration-ms="6063" status="PASS">
          <reporter-output>
          </reporter-output>
        </test-method> <!-- testValidLogin -->
        <test-method is-config="true" signature="closeApp(org.testng.ITestResult)[pri:0, instance:scripts.ValidLogin@44d52de2]" started-at="2021-12-29T12:22:39 IST" name="closeApp" finished-at="2021-12-29T12:22:40 IST" duration-ms="1188" status="PASS">
          <params>
            <param index="0">
              <value>
                <![CDATA[[TestResult name=testValidLogin status=SUCCESS method=ValidLogin.testValidLogin()[pri:1, instance:scripts.ValidLogin@44d52de2] output={null}]]]>
              </value>
            </param>
          </params>
          <reporter-output>
          </reporter-output>
        </test-method> <!-- closeApp -->
      </class> <!-- scripts.ValidLogin -->
    </test> <!-- TestGC -->
    <test started-at="2021-12-29T12:22:22 IST" name="TestMFF" finished-at="2021-12-29T12:23:01 IST" duration-ms="39512">
      <class name="scripts.InvalidLogin">
        <test-method is-config="true" signature="openApp(java.lang.reflect.Method,java.lang.String,java.lang.String,java.lang.String)[pri:0, instance:scripts.InvalidLogin@4f3bbf68]" started-at="2021-12-29T12:22:45 IST" name="openApp" finished-at="2021-12-29T12:22:57 IST" duration-ms="12622" status="PASS">
          <params>
            <param index="0">
              <value>
                <![CDATA[public void scripts.InvalidLogin.testInvalidLogin()]]>
              </value>
            </param>
            <param index="1">
              <value>
                <![CDATA[Yes]]>
              </value>
            </param>
            <param index="2">
              <value>
                <![CDATA[http://localhost:4444/wd/hub]]>
              </value>
            </param>
            <param index="3">
              <value>
                <![CDATA[firefox]]>
              </value>
            </param>
          </params>
          <reporter-output>
          </reporter-output>
        </test-method> <!-- openApp -->
        <test-method signature="testInvalidLogin()[pri:2, instance:scripts.InvalidLogin@4f3bbf68]" started-at="2021-12-29T12:22:57 IST" name="testInvalidLogin" finished-at="2021-12-29T12:22:59 IST" duration-ms="2080" status="PASS">
          <reporter-output>
          </reporter-output>
        </test-method> <!-- testInvalidLogin -->
        <test-method is-config="true" signature="closeApp(org.testng.ITestResult)[pri:0, instance:scripts.InvalidLogin@4f3bbf68]" started-at="2021-12-29T12:22:59 IST" name="closeApp" finished-at="2021-12-29T12:23:01 IST" duration-ms="1824" status="PASS">
          <params>
            <param index="0">
              <value>
                <![CDATA[[TestResult name=testInvalidLogin status=SUCCESS method=InvalidLogin.testInvalidLogin()[pri:2, instance:scripts.InvalidLogin@4f3bbf68] output={null}]]]>
              </value>
            </param>
          </params>
          <reporter-output>
          </reporter-output>
        </test-method> <!-- closeApp -->
      </class> <!-- scripts.InvalidLogin -->
      <class name="scripts.ValidLogin">
        <test-method is-config="true" signature="initReport()[pri:0, instance:scripts.ValidLogin@7164ca4c]" started-at="2021-12-29T12:22:21 IST" name="initReport" finished-at="2021-12-29T12:22:22 IST" duration-ms="260" status="PASS">
          <reporter-output>
          </reporter-output>
        </test-method> <!-- initReport -->
        <test-method is-config="true" signature="openApp(java.lang.reflect.Method,java.lang.String,java.lang.String,java.lang.String)[pri:0, instance:scripts.ValidLogin@7164ca4c]" started-at="2021-12-29T12:22:22 IST" name="openApp" finished-at="2021-12-29T12:22:38 IST" duration-ms="15987" status="PASS">
          <params>
            <param index="0">
              <value>
                <![CDATA[public void scripts.ValidLogin.testValidLogin()]]>
              </value>
            </param>
            <param index="1">
              <value>
                <![CDATA[Yes]]>
              </value>
            </param>
            <param index="2">
              <value>
                <![CDATA[http://localhost:4444/wd/hub]]>
              </value>
            </param>
            <param index="3">
              <value>
                <![CDATA[firefox]]>
              </value>
            </param>
          </params>
          <reporter-output>
          </reporter-output>
        </test-method> <!-- openApp -->
        <test-method signature="testValidLogin()[pri:1, instance:scripts.ValidLogin@7164ca4c]" started-at="2021-12-29T12:22:38 IST" name="testValidLogin" finished-at="2021-12-29T12:22:42 IST" duration-ms="4448" status="PASS">
          <reporter-output>
          </reporter-output>
        </test-method> <!-- testValidLogin -->
        <test-method is-config="true" signature="closeApp(org.testng.ITestResult)[pri:0, instance:scripts.ValidLogin@7164ca4c]" started-at="2021-12-29T12:22:42 IST" name="closeApp" finished-at="2021-12-29T12:22:45 IST" duration-ms="2515" status="PASS">
          <params>
            <param index="0">
              <value>
                <![CDATA[[TestResult name=testValidLogin status=SUCCESS method=ValidLogin.testValidLogin()[pri:1, instance:scripts.ValidLogin@7164ca4c] output={null}]]]>
              </value>
            </param>
          </params>
          <reporter-output>
          </reporter-output>
        </test-method> <!-- closeApp -->
        <test-method is-config="true" signature="publishReport()[pri:0, instance:scripts.ValidLogin@7164ca4c]" started-at="2021-12-29T12:23:01 IST" name="publishReport" finished-at="2021-12-29T12:23:02 IST" duration-ms="378" status="PASS">
          <reporter-output>
          </reporter-output>
        </test-method> <!-- publishReport -->
      </class> <!-- scripts.ValidLogin -->
    </test> <!-- TestMFF -->
  </suite> <!-- Suite -->
</testng-results>
